1621190963303|DCVM Cyclic Barrier up and running!
1621190965212|DCVM Cyclic Barrier accepts: registration localhost 52720
1621190965213|DCVM Cyclic Barrier has received 1 out of 2 expected.
1621190969022|All connected!
1621190969024|DCVM Cyclic Barrier accepts: network localhost 52721
1621190969025|DCVM Cyclic Barrier has received 2 out of 2 expected.
1621190969025|DCVM Cyclic Barrier releases 2 sites.
1621190969032|DCVM Cyclic Barrier accepts: registration localhost 52720
1621190969032|DCVM Cyclic Barrier has received 1 out of 2 expected.
1621190969064|DCVM Cyclic Barrier accepts: network localhost 52721
1621190969065|DCVM Cyclic Barrier has received 2 out of 2 expected.
1621190969065|DCVM Cyclic Barrier releases 2 sites.
1621190969400|DCVM Cyclic Barrier accepts: registration localhost 52720
1621190969400|DCVM Cyclic Barrier has received 1 out of 2 expected.
1621190970918|DCVM Cyclic Barrier accepts: network localhost 52721
1621190970918|DCVM Cyclic Barrier has received 2 out of 2 expected.
1621190970918|DCVM Cyclic Barrier releases 2 sites.
1621190970920|DCVM Cyclic Barrier accepts: network localhost 52721
1621190970920|DCVM Cyclic Barrier accepts: registration localhost 52720
1621190970921|DCVM Cyclic Barrier has received 1 out of 2 expected.
1621190970921|DCVM Cyclic Barrier has received 2 out of 2 expected.
1621190970921|DCVM Cyclic Barrier releases 2 sites.
1621190970925|DCVM Cyclic Barrier accepts: registration localhost 52720
1621190970926|DCVM Cyclic Barrier has received 1 out of 2 expected.
1621190970967|DCVM Cyclic Barrier accepts: network localhost 52721
1621190970968|DCVM Cyclic Barrier has received 2 out of 2 expected.
1621190970968|DCVM Cyclic Barrier releases 2 sites.
1621190980973|DCVM Cyclic Barrier accepts: network localhost 52721
1621190980973|DCVM Cyclic Barrier accepts: registration localhost 52720
1621190980974|DCVM Cyclic Barrier has received 1 out of 2 expected.
1621190980975|DCVM Cyclic Barrier has received 2 out of 2 expected.
1621190980975|DCVM Cyclic Barrier releases 2 sites.
1621190980982|DCVM Cyclic Barrier accepts: registration localhost 52720
1621190980984|DCVM Cyclic Barrier has received 1 out of 2 expected.
1621190980993|DCVM Cyclic Barrier accepts: network localhost 52721
1621190980993|DCVM Cyclic Barrier has received 2 out of 2 expected.
1621190980993|DCVM Cyclic Barrier releases 2 sites.
1621190980997|DCVM Cyclic Barrier accepts: registration localhost 52720
1621190980997|DCVM Cyclic Barrier has received 1 out of 2 expected.
1621190981028|DCVM Cyclic Barrier accepts: network localhost 52721
1621190981028|DCVM Cyclic Barrier has received 2 out of 2 expected.
1621190981028|DCVM Cyclic Barrier releases 2 sites.
1621190981030|DCVMCyclicBarrier.run() finished.
1621190981033|DCVMCyclicBarrier.run() finished.
1621190981033|DCVM Cyclic Barrier shuts down!
