1621513360415|Global registry up and running!
1621513366087|Global registry accepted the 1th connection.
1621513366090|GlobalRegistry processing put fr.sorbonne_u.components.reflection.interfaces.ReflectionCI-d9a15bd9-fe03-41ff-bfe1-4a38ea8e62df rmi=localhost
1621513366113|GlobalRegistry processing put rip-uri rmi=localhost
1621513366115|GlobalRegistry processing put fr.sorbonne_u.components.reflection.interfaces.ReflectionCI-fbd9e372-cbda-4bfa-ac2f-9b4da2b313a4 rmi=localhost
1621513366127|GlobalRegistry processing put registration-dcc rmi=localhost
1621513366199|Global registry accepted the 2th connection.
1621513366199|All (2) connected!
1621513366199|GlobalRegistry processing put fr.sorbonne_u.components.reflection.interfaces.ReflectionCI-c7d94c1f-d859-46d0-802a-76069ad92787 rmi=localhost
1621513366236|GlobalRegistry processing put tnip-uri0 rmi=localhost
1621513366246|GlobalRegistry processing put tnop-uri0 rmi=localhost
1621513366255|GlobalRegistry processing put 0tnop-uri0 rmi=localhost
1621513367385|GlobalRegistry processing put fr.sorbonne_u.components.reflection.interfaces.ReflectionCI-ce3c1f5b-a35d-4e8a-bd63-4cfd967ca301 rmi=localhost
1621513367390|GlobalRegistry processing put tnip-uri1 rmi=localhost
1621513367394|GlobalRegistry processing put tnop-uri1 rmi=localhost
1621513367398|GlobalRegistry processing put 1tnop-uri1 rmi=localhost
1621513367437|GlobalRegistry processing put fr.sorbonne_u.components.reflection.interfaces.ReflectionCI-4dd3f3cc-39fb-48e2-86d0-aad9f04a6dd6 rmi=localhost
1621513367442|GlobalRegistry processing put tnip-uri2 rmi=localhost
1621513367445|GlobalRegistry processing put tnop-uri2 rmi=localhost
1621513367449|GlobalRegistry processing put 2tnop-uri2 rmi=localhost
1621513367496|GlobalRegistry processing put rip-uri2 rmi=localhost
1621513367503|GlobalRegistry processing put rop-uri2 rmi=localhost
1621513367508|GlobalRegistry processing put fr.sorbonne_u.components.reflection.interfaces.ReflectionCI-f5f32b11-d8c4-4ef4-a42f-677d5fea9fff rmi=localhost
1621513367514|GlobalRegistry processing put tnip-uri3 rmi=localhost
1621513367517|GlobalRegistry processing put tnop-uri3 rmi=localhost
1621513367520|GlobalRegistry processing put 3tnop-uri3 rmi=localhost
1621513367552|GlobalRegistry processing put rip-uri3 rmi=localhost
1621513367556|GlobalRegistry processing put rop-uri3 rmi=localhost
1621513367561|GlobalRegistry processing put fr.sorbonne_u.components.reflection.interfaces.ReflectionCI-b2fec3fc-bd68-4363-8182-28c489bfb8b7 rmi=localhost
1621513367567|GlobalRegistry processing put tnip-uri4 rmi=localhost
1621513367571|GlobalRegistry processing put tnop-uri4 rmi=localhost
1621513367575|GlobalRegistry processing put 4tnop-uri4 rmi=localhost
1621513367626|GlobalRegistry processing put apip-uri4 rmi=localhost
1621513367629|GlobalRegistry processing put rop-uri4 rmi=localhost
1621513367636|GlobalRegistry processing put netip-uri0 rmi=localhost
1621513367641|GlobalRegistry processing put fr.sorbonne_u.components.reflection.interfaces.ReflectionCI-65f6fe32-d920-40e1-b090-148911fd158b rmi=localhost
1621513367646|GlobalRegistry processing put tnip-uri5 rmi=localhost
1621513367649|GlobalRegistry processing put tnop-uri5 rmi=localhost
1621513367652|GlobalRegistry processing put 5tnop-uri5 rmi=localhost
1621513367707|GlobalRegistry processing put apip-uri5 rmi=localhost
1621513367710|GlobalRegistry processing put rop-uri5 rmi=localhost
1621513367713|GlobalRegistry processing put netip-uri1 rmi=localhost
1621513367720|GlobalRegistry processing put fr.sorbonne_u.components.reflection.interfaces.ReflectionCI-efc8093e-8432-4c36-929a-a062752ed323 rmi=localhost
1621513367732|GlobalRegistry processing put nnop-uri0 rmi=localhost
1621513367763|GlobalRegistry processing put fr.sorbonne_u.components.reflection.interfaces.ReflectionCI-a902f945-21bb-4695-b360-acf4a6b04ac0 rmi=localhost
1621513367767|GlobalRegistry processing put nnop-uri1 rmi=localhost
1621513367819|GlobalRegistry processing put fr.sorbonne_u.components.reflection.interfaces.ReflectionCI-7b95d97a-9f63-46bc-a645-5e26c8fcd5ec rmi=localhost
1621513367832|GlobalRegistry processing put network-dcc rmi=localhost
1621513367843|GlobalRegistry processing lookup rip-uri
1621513367877|GlobalRegistry processing lookup rip-uri
1621513367882|GlobalRegistry processing lookup rip-uri
1621513367886|GlobalRegistry processing lookup rip-uri
1621513367889|GlobalRegistry processing lookup rip-uri
1621513367894|GlobalRegistry processing lookup rip-uri
1621513377908|GlobalRegistry processing remove fr.sorbonne_u.components.reflection.interfaces.ReflectionCI-d9a15bd9-fe03-41ff-bfe1-4a38ea8e62df
1621513377909|GlobalRegistry processing remove fr.sorbonne_u.components.reflection.interfaces.ReflectionCI-f5f32b11-d8c4-4ef4-a42f-677d5fea9fff
1621513377910|GlobalRegistry processing remove fr.sorbonne_u.components.reflection.interfaces.ReflectionCI-fbd9e372-cbda-4bfa-ac2f-9b4da2b313a4
1621513377912|GlobalRegistry processing remove fr.sorbonne_u.components.reflection.interfaces.ReflectionCI-a902f945-21bb-4695-b360-acf4a6b04ac0
1621513377914|GlobalRegistry processing remove fr.sorbonne_u.components.reflection.interfaces.ReflectionCI-ce3c1f5b-a35d-4e8a-bd63-4cfd967ca301
1621513377915|GlobalRegistry processing remove fr.sorbonne_u.components.reflection.interfaces.ReflectionCI-b2fec3fc-bd68-4363-8182-28c489bfb8b7
1621513377917|GlobalRegistry processing remove fr.sorbonne_u.components.reflection.interfaces.ReflectionCI-efc8093e-8432-4c36-929a-a062752ed323
1621513377920|GlobalRegistry processing remove fr.sorbonne_u.components.reflection.interfaces.ReflectionCI-c7d94c1f-d859-46d0-802a-76069ad92787
1621513377921|GlobalRegistry processing remove fr.sorbonne_u.components.reflection.interfaces.ReflectionCI-65f6fe32-d920-40e1-b090-148911fd158b
1621513377923|GlobalRegistry processing remove fr.sorbonne_u.components.reflection.interfaces.ReflectionCI-7b95d97a-9f63-46bc-a645-5e26c8fcd5ec
1621513377924|GlobalRegistry processing remove fr.sorbonne_u.components.reflection.interfaces.ReflectionCI-4dd3f3cc-39fb-48e2-86d0-aad9f04a6dd6
1621513377927|GlobalRegistry processing remove rip-uri
1621513377927|GlobalRegistry processing remove rip-uri3
1621513377928|GlobalRegistry processing remove registration-dcc
1621513377929|GlobalRegistry processing remove rop-uri3
1621513377931|GlobalRegistry processing remove tnip-uri3
1621513377932|GlobalRegistry processing remove tnop-uri3
1621513377933|GlobalRegistry processing remove 3tnop-uri3
1621513377936|GlobalRegistry processing remove nnop-uri1
1621513377938|GlobalRegistry processing remove tnip-uri1
1621513377939|GlobalRegistry processing remove tnop-uri1
1621513377941|GlobalRegistry processing remove 1tnop-uri1
1621513377943|GlobalRegistry processing remove apip-uri4
1621513377945|GlobalRegistry processing remove netip-uri0
1621513377946|GlobalRegistry processing remove rop-uri4
1621513377947|GlobalRegistry processing remove tnip-uri4
1621513377948|GlobalRegistry processing remove tnop-uri4
1621513377949|GlobalRegistry processing remove 4tnop-uri4
1621513377950|GlobalRegistry processing remove nnop-uri0
1621513377951|GlobalRegistry processing remove tnip-uri0
1621513377953|GlobalRegistry processing remove tnop-uri0
1621513377954|GlobalRegistry processing remove 0tnop-uri0
1621513377956|GlobalRegistry processing remove apip-uri5
1621513377958|GlobalRegistry processing remove netip-uri1
1621513377959|GlobalRegistry processing remove rop-uri5
1621513377962|GlobalRegistry processing remove tnip-uri5
1621513377964|GlobalRegistry processing remove tnop-uri5
1621513377966|GlobalRegistry processing remove 5tnop-uri5
1621513377967|GlobalRegistry processing remove network-dcc
1621513377969|GlobalRegistry processing remove rip-uri2
1621513377971|GlobalRegistry processing remove rop-uri2
1621513377973|GlobalRegistry processing remove tnip-uri2
1621513377974|GlobalRegistry processing remove tnop-uri2
1621513377975|GlobalRegistry processing remove 2tnop-uri2
1621513377979|GlobalRegistry processing shutdown
1621513377985|GlobalRegistry processing shutdown
1621513377986|Global registry shuts down!
